\BOOKMARK [0][-]{section*.2}{Accuracy assessment of variational quantum computing Ans\344tze \040across a database of electronic structure problems}{}% 2
\BOOKMARK [1][-]{section*.1}{Abstract}{section*.2}% 1
\BOOKMARK [1][-]{section*.3}{Introduction}{section*.2}% 3
\BOOKMARK [1][-]{section*.4}{Methods}{section*.2}% 4
\BOOKMARK [2][-]{section*.5}{Target problems}{section*.4}% 5
\BOOKMARK [2][-]{section*.6}{Qubit encodings}{section*.4}% 6
\BOOKMARK [2][-]{section*.7}{Target variational Ans\344tze}{section*.4}% 7
\BOOKMARK [3][-]{section*.8}{Unitary coupled cluster with singles and doubles}{section*.7}% 8
\BOOKMARK [3][-]{section*.9}{Hardware-efficient Ry}{section*.7}% 9
\BOOKMARK [3][-]{section*.10}{Cascade}{section*.7}% 10
\BOOKMARK [2][-]{section*.11}{Metrics of algorithm performance}{section*.4}% 11
\BOOKMARK [1][-]{section*.12}{Results}{section*.2}% 12
\BOOKMARK [2][-]{section*.13}{Second-quantization simulations}{section*.12}% 13
\BOOKMARK [3][-]{section*.14}{Comparison of calculations with highest nr.}{section*.13}% 14
\BOOKMARK [2][-]{section*.15}{First-quantization simulations}{section*.12}% 15
\BOOKMARK [1][-]{section*.16}{Conclusions and outlooks}{section*.2}% 16
\BOOKMARK [1][-]{section*.17}{Acknowledgments}{section*.2}% 17
\BOOKMARK [1][-]{section*.18}{Repository}{section*.2}% 18
\BOOKMARK [1][-]{section*.19}{q-UCCSD}{section*.2}% 19
\BOOKMARK [2][-]{section*.20}{Closed-shell implementation}{section*.19}% 20
\BOOKMARK [2][-]{section*.21}{Primitives}{section*.19}% 21
\BOOKMARK [1][-]{section*.22}{First quantization encoding}{section*.2}% 22
\BOOKMARK [2][-]{section*.23}{Variation-after-projection \(VAP\) and projection-after-variation \(PAV\) schemes}{section*.22}% 23
\BOOKMARK [1][-]{section*.24}{Classical preprocessing}{section*.2}% 24
